<?xml version="1.0" encoding="UTF-8"?>
<testsuite xmlns:xsi="http://www.w3.org/2001/XMLSchema-instance" xsi:schemaLocation="https://maven.apache.org/surefire/maven-surefire-plugin/xsd/surefire-test-report.xsd" name="TestSuite" time="44.421" tests="14" errors="0" skipped="0" failures="0">
  <properties>
    <property name="java.runtime.name" value="Java(TM) SE Runtime Environment"/>
    <property name="java.vm.version" value="11.0.16.1+1-LTS-1"/>
    <property name="sun.boot.library.path" value="C:\Program Files\Java\jdk-11.0.16.1\bin"/>
    <property name="maven.multiModuleProjectDirectory" value="C:\Users\rames\.jenkins\workspace\AutomationDemoDec72022"/>
    <property name="java.vm.vendor" value="Oracle Corporation"/>
    <property name="java.vendor.url" value="https://openjdk.java.net/"/>
    <property name="guice.disable.misplaced.annotation.check" value="true"/>
    <property name="path.separator" value=";"/>
    <property name="java.vm.name" value="Java HotSpot(TM) 64-Bit Server VM"/>
    <property name="sun.os.patch.level" value=""/>
    <property name="user.script" value=""/>
    <property name="user.country" value="US"/>
    <property name="sun.java.launcher" value="SUN_STANDARD"/>
    <property name="java.vm.specification.name" value="Java Virtual Machine Specification"/>
    <property name="user.dir" value="C:\Users\rames\.jenkins\workspace\AutomationDemoDec72022"/>
    <property name="java.vm.compressedOopsMode" value="Zero based"/>
    <property name="java.runtime.version" value="11.0.16.1+1-LTS-1"/>
    <property name="java.awt.graphicsenv" value="sun.awt.Win32GraphicsEnvironment"/>
    <property name="os.arch" value="amd64"/>
    <property name="java.io.tmpdir" value="C:\Users\rames\AppData\Local\Temp\"/>
    <property name="line.separator" value="&#10;"/>
    <property name="java.vm.specification.vendor" value="Oracle Corporation"/>
    <property name="user.variant" value=""/>
    <property name="os.name" value="Windows 11"/>
    <property name="classworlds.conf" value="C:\maven\apache-maven-3.8.6-bin\apache-maven-3.8.6\bin\m2.conf"/>
    <property name="sun.jnu.encoding" value="Cp1252"/>
    <property name="java.library.path" value="C:\Program Files\Java\jdk-11.0.16.1\bin;C:\WINDOWS\Sun\Java\bin;C:\WINDOWS\system32;C:\WINDOWS;C:\Program Files\Common Files\Oracle\Java\javapath;C:\WINDOWS\system32;C:\WINDOWS;C:\WINDOWS\System32\Wbem;C:\WINDOWS\System32\WindowsPowerShell\v1.0\;C:\WINDOWS\System32\OpenSSH\;C:\Program Files\dotnet\;C:\Program Files\Java\jdk-11.0.16.1\bin;C:\Program Files\Git\cmd;C:\maven\apache-maven-3.8.6-bin\apache-maven-3.8.6\bin;C:\Users\rames\AppData\Local\Microsoft\WindowsApps;;."/>
    <property name="maven.conf" value="C:\maven\apache-maven-3.8.6-bin\apache-maven-3.8.6/conf"/>
    <property name="jdk.debug" value="release"/>
    <property name="java.class.version" value="55.0"/>
    <property name="java.specification.name" value="Java Platform API Specification"/>
    <property name="sun.management.compiler" value="HotSpot 64-Bit Tiered Compilers"/>
    <property name="os.version" value="10.0"/>
    <property name="library.jansi.path" value="C:\maven\apache-maven-3.8.6-bin\apache-maven-3.8.6\lib\jansi-native"/>
    <property name="user.home" value="C:\Users\rames"/>
    <property name="user.timezone" value="America/Phoenix"/>
    <property name="java.awt.printerjob" value="sun.awt.windows.WPrinterJob"/>
    <property name="file.encoding" value="Cp1252"/>
    <property name="java.specification.version" value="11"/>
    <property name="user.name" value="rames"/>
    <property name="java.class.path" value="C:\maven\apache-maven-3.8.6-bin\apache-maven-3.8.6\boot\plexus-classworlds-2.6.0.jar"/>
    <property name="java.vm.specification.version" value="11"/>
    <property name="sun.arch.data.model" value="64"/>
    <property name="sun.java.command" value="org.codehaus.plexus.classworlds.launcher.Launcher -f C:\eclipse-workspace\HybridAutomationFrameowrkNov302022\pom.xml clean install"/>
    <property name="java.home" value="C:\Program Files\Java\jdk-11.0.16.1"/>
    <property name="user.language" value="en"/>
    <property name="java.specification.vendor" value="Oracle Corporation"/>
    <property name="awt.toolkit" value="sun.awt.windows.WToolkit"/>
    <property name="java.vm.info" value="mixed mode"/>
    <property name="java.version" value="11.0.16.1"/>
    <property name="java.vendor" value="Oracle Corporation"/>
    <property name="maven.home" value="C:\maven\apache-maven-3.8.6-bin\apache-maven-3.8.6"/>
    <property name="file.separator" value="\"/>
    <property name="java.version.date" value="2022-08-18"/>
    <property name="java.vendor.url.bug" value="https://bugreport.java.com/bugreport/"/>
    <property name="sun.io.unicode.encoding" value="UnicodeLittle"/>
    <property name="sun.cpu.endian" value="little"/>
    <property name="java.vendor.version" value="18.9"/>
    <property name="sun.desktop" value="windows"/>
    <property name="sun.cpu.isalist" value="amd64"/>
  </properties>
  <testcase name="verifyLinkedinHomePageTitleTest" classname="com.qa.linkedin.testcases.LinkedinHomePageTest" time="0.07"/>
  <testcase name="verifyLinkedinLogoTest" classname="com.qa.linkedin.testcases.LinkedinHomePageTest" time="0.055"/>
  <testcase name="validateSigninLinkTest" classname="com.qa.linkedin.testcases.LinkedinHomePageTest" time="1.28"/>
  <testcase name="verifyLinkedinLoginPageTitleTest" classname="com.qa.linkedin.testcases.LinkedinLoginPageTest" time="0.017"/>
  <testcase name="verifyLinkedinSigninHeaderTest" classname="com.qa.linkedin.testcases.LinkedinLoginPageTest" time="0.083"/>
  <testcase name="doLoginTest" classname="com.qa.linkedin.testcases.LinkedinLoginPageTest" time="7.978"/>
  <testcase name="doLogOutTest" classname="com.qa.linkedin.testcases.LinkedinLoginPageTest" time="0.359"/>
  <testcase name="verifyLinkedinFeedPageTitleTest" classname="com.qa.linkedin.testcases.LinkedinSearchResultsPageTest" time="0.009"/>
  <testcase name="verifyProfileRailCardTest" classname="com.qa.linkedin.testcases.LinkedinSearchResultsPageTest" time="0.03"/>
  <testcase name="doPeopleSearchTest" classname="com.qa.linkedin.testcases.LinkedinSearchResultsPageTest" time="4.041"/>
  <testcase name="doPeopleSearchTest" classname="com.qa.linkedin.testcases.LinkedinSearchResultsPageTest" time="3.569"/>
  <testcase name="doPeopleSearchTest" classname="com.qa.linkedin.testcases.LinkedinSearchResultsPageTest" time="3.468"/>
  <testcase name="doPeopleSearchTest" classname="com.qa.linkedin.testcases.LinkedinSearchResultsPageTest" time="3.534"/>
  <testcase name="doLogOutTest" classname="com.qa.linkedin.testcases.LinkedinSearchResultsPageTest" time="0.27"/>
</testsuite>