<?xml version="1.0" encoding="UTF-8"?>
<!-- Generated by org.testng.reporters.JUnitReportReporter -->
<testsuite hostname="RameshCh" failures="0" tests="3" name="com.qa.linkedin.testcases.LinkedinHomePageTest" time="1.039" errors="0" timestamp="2022-12-06T19:24:23 MST" skipped="0">
  <testcase classname="com.qa.linkedin.testcases.LinkedinHomePageTest" name="verifyLinkedinHomePageTitleTest" time="0.019"/>
  <system-out/>
  <testcase classname="com.qa.linkedin.testcases.LinkedinHomePageTest" name="verifyLinkedinLogoTest" time="0.083"/>
  <system-out/>
  <testcase classname="com.qa.linkedin.testcases.LinkedinHomePageTest" name="validateSigninLinkTest" time="0.937"/>
  <system-out/>
</testsuite> <!-- com.qa.linkedin.testcases.LinkedinHomePageTest -->
