<?xml version="1.0" encoding="UTF-8"?>
<!-- Generated by org.testng.reporters.JUnitReportReporter -->
<testsuite hostname="RameshCh" failures="0" tests="7" name="com.qa.linkedin.testcases.LinkedinSearchResultsPageTest" time="14.966" errors="0" timestamp="2022-12-06T19:24:23 MST" skipped="0">
  <testcase classname="com.qa.linkedin.testcases.LinkedinSearchResultsPageTest" name="doLogOutTest" time="0.284"/>
  <system-out/>
  <testcase classname="com.qa.linkedin.testcases.LinkedinSearchResultsPageTest" name="verifyLinkedinFeedPageTitleTest" time="0.015"/>
  <system-out/>
  <testcase classname="com.qa.linkedin.testcases.LinkedinSearchResultsPageTest" name="verifyProfileRailCardTest" time="0.049"/>
  <system-out/>
  <testcase classname="com.qa.linkedin.testcases.LinkedinSearchResultsPageTest" name="doPeopleSearchTest" time="3.847"/>
  <system-out/>
  <testcase classname="com.qa.linkedin.testcases.LinkedinSearchResultsPageTest" name="doPeopleSearchTest" time="3.604"/>
  <system-out/>
  <testcase classname="com.qa.linkedin.testcases.LinkedinSearchResultsPageTest" name="doPeopleSearchTest" time="3.656"/>
  <system-out/>
  <testcase classname="com.qa.linkedin.testcases.LinkedinSearchResultsPageTest" name="doPeopleSearchTest" time="3.511"/>
  <system-out/>
</testsuite> <!-- com.qa.linkedin.testcases.LinkedinSearchResultsPageTest -->
