<?xml version="1.0" encoding="UTF-8"?>
<!-- Generated by org.testng.reporters.JUnitReportReporter -->
<testsuite hostname="RameshCh" failures="0" tests="4" name="com.qa.linkedin.testcases.LinkedinLoginPageTest" time="8.433" errors="0" timestamp="2022-12-07T19:36:54 MST" skipped="0">
  <testcase classname="com.qa.linkedin.testcases.LinkedinLoginPageTest" name="doLogOutTest" time="0.359"/>
  <system-out/>
  <testcase classname="com.qa.linkedin.testcases.LinkedinLoginPageTest" name="verifyLinkedinLoginPageTitleTest" time="0.016"/>
  <system-out/>
  <testcase classname="com.qa.linkedin.testcases.LinkedinLoginPageTest" name="verifyLinkedinSigninHeaderTest" time="0.081"/>
  <system-out/>
  <testcase classname="com.qa.linkedin.testcases.LinkedinLoginPageTest" name="doLoginTest" time="7.977"/>
  <system-out/>
</testsuite> <!-- com.qa.linkedin.testcases.LinkedinLoginPageTest -->
