<?xml version="1.0" encoding="UTF-8"?>
<!-- Generated by org.testng.reporters.JUnitReportReporter -->
<testsuite hostname="RameshCh" failures="0" tests="7" name="com.qa.linkedin.testcases.LinkedinSearchResultsPageTest" time="14.916" errors="0" timestamp="2022-12-07T19:36:54 MST" skipped="0">
  <testcase classname="com.qa.linkedin.testcases.LinkedinSearchResultsPageTest" name="doLogOutTest" time="0.269"/>
  <system-out/>
  <testcase classname="com.qa.linkedin.testcases.LinkedinSearchResultsPageTest" name="verifyLinkedinFeedPageTitleTest" time="0.009"/>
  <system-out/>
  <testcase classname="com.qa.linkedin.testcases.LinkedinSearchResultsPageTest" name="verifyProfileRailCardTest" time="0.029"/>
  <system-out/>
  <testcase classname="com.qa.linkedin.testcases.LinkedinSearchResultsPageTest" name="doPeopleSearchTest" time="3.534"/>
  <system-out/>
  <testcase classname="com.qa.linkedin.testcases.LinkedinSearchResultsPageTest" name="doPeopleSearchTest" time="3.467"/>
  <system-out/>
  <testcase classname="com.qa.linkedin.testcases.LinkedinSearchResultsPageTest" name="doPeopleSearchTest" time="4.039"/>
  <system-out/>
  <testcase classname="com.qa.linkedin.testcases.LinkedinSearchResultsPageTest" name="doPeopleSearchTest" time="3.569"/>
  <system-out/>
</testsuite> <!-- com.qa.linkedin.testcases.LinkedinSearchResultsPageTest -->
