<?xml version="1.0" encoding="UTF-8"?>
<!-- Generated by org.testng.reporters.JUnitReportReporter -->
<testsuite hostname="RameshCh" failures="0" tests="3" name="com.qa.linkedin.testcases.LinkedinHomePageTest" time="1.392" errors="0" timestamp="2022-12-07T19:36:54 MST" skipped="0">
  <testcase classname="com.qa.linkedin.testcases.LinkedinHomePageTest" name="verifyLinkedinHomePageTitleTest" time="0.059"/>
  <system-out/>
  <testcase classname="com.qa.linkedin.testcases.LinkedinHomePageTest" name="verifyLinkedinLogoTest" time="0.056"/>
  <system-out/>
  <testcase classname="com.qa.linkedin.testcases.LinkedinHomePageTest" name="validateSigninLinkTest" time="1.277"/>
  <system-out/>
</testsuite> <!-- com.qa.linkedin.testcases.LinkedinHomePageTest -->
